[2023-10-19 10:38:10.731] | DEBUG | main | logging_middleware | main.py:113 | Request GET /api/v1/cart started at 1697692090.7311904 with request id ikarus-12669172056151079354
[2023-10-19 10:38:10.736] | INFO | controllers.cart_controllers | get_cart_details | cart_controllers.py:38 | /api/v1/cart Api called for getting cart details for userId:652f84b08cb4bfc08d45225a
[2023-10-19 10:38:10.771] | DEBUG | services.m2m_calls | m2m_request | m2m_calls.py:23 | Making a POST call to url: http://localhost:8002/api/v1/campaigns/tiers
[2023-10-19 10:38:10.888] | DEBUG | services.m2m_calls | m2m_request | m2m_calls.py:29 | Calling
[2023-10-19 10:38:11.910] | DEBUG | services.m2m_calls | m2m_request | m2m_calls.py:23 | Making a POST call to url: http://localhost:8002/api/v1/models
[2023-10-19 10:38:12.021] | DEBUG | services.m2m_calls | m2m_request | m2m_calls.py:29 | Calling
[2023-10-19 10:38:13.153] | DEBUG | controllers.cart_controllers | get_cart_details | cart_controllers.py:129 | Cart details received successfully for userId:652f84b08cb4bfc08d45225a
[2023-10-19 10:38:13.159] | INFO | controllers.cart_controllers | get_cart_details | cart_controllers.py:130 | /api/v1/cart Api called Executed for userId:652f84b08cb4bfc08d45225a
[2023-10-19 10:38:13.164] | DEBUG | main | logging_middleware | main.py:119 | Request GET /api/v1/cart finished at 1697692093.1648617, elapsed time: 2.43 seconds with request id ikarus-12669172056151079354
[2023-10-19 10:38:13.167] | INFO | main | add_process_time_header | main.py:130 | Time to execute the api GET http://localhost:8004/api/v1/cart?page_size=10&page_number=1 is 2436.626672744751 ms
[2023-10-19 10:41:13.441] | INFO | main | set_request_id | main.py:266 | Request ID: ikarus-11546184051235797617
[2023-10-19 10:41:13.442] | DEBUG | main | session_middleware | main.py:184 | Checking for session Auth
[2023-10-19 10:41:13.560] | DEBUG | main | session_middleware | main.py:215 | Auth type: User to microservice
[2023-10-19 10:41:13.563] | DEBUG | main | auth_middleware | main.py:155 | Checking for microservice to microservice auth
[2023-10-19 10:41:13.565] | DEBUG | main | logging_middleware | main.py:113 | Request GET /api/v1/cart started at 1697692273.5655289 with request id ikarus-11546184051235797617
[2023-10-19 10:41:13.569] | INFO | controllers.cart_controllers | get_cart_details | cart_controllers.py:38 | /api/v1/cart Api called for getting cart details for userId:652f84b08cb4bfc08d45225a
[2023-10-19 10:41:13.635] | DEBUG | services.m2m_calls | m2m_request | m2m_calls.py:23 | Making a POST call to url: http://localhost:8002/api/v1/campaigns/tiers
[2023-10-19 10:41:13.777] | DEBUG | services.m2m_calls | m2m_request | m2m_calls.py:29 | Calling
[2023-10-19 10:41:14.922] | DEBUG | services.m2m_calls | m2m_request | m2m_calls.py:23 | Making a POST call to url: http://localhost:8002/api/v1/models
[2023-10-19 10:41:15.061] | DEBUG | services.m2m_calls | m2m_request | m2m_calls.py:29 | Calling
[2023-10-19 10:41:16.444] | DEBUG | controllers.cart_controllers | get_cart_details | cart_controllers.py:129 | Cart details received successfully for userId:652f84b08cb4bfc08d45225a
[2023-10-19 10:41:16.450] | INFO | controllers.cart_controllers | get_cart_details | cart_controllers.py:130 | /api/v1/cart Api called Executed for userId:652f84b08cb4bfc08d45225a
[2023-10-19 10:41:16.453] | DEBUG | main | logging_middleware | main.py:119 | Request GET /api/v1/cart finished at 1697692276.453043, elapsed time: 2.89 seconds with request id ikarus-11546184051235797617
[2023-10-19 10:41:16.458] | INFO | main | add_process_time_header | main.py:130 | Time to execute the api GET http://localhost:8004/api/v1/cart?page_size=10&page_number=1 is 2892.5540447235107 ms
[2023-10-19 10:44:50.204] | INFO | main | set_request_id | main.py:266 | Request ID: ikarus-11051456389136300874
[2023-10-19 10:44:50.207] | DEBUG | main | session_middleware | main.py:184 | Checking for session Auth
[2023-10-19 10:44:50.288] | DEBUG | main | session_middleware | main.py:215 | Auth type: User to microservice
[2023-10-19 10:44:50.290] | DEBUG | main | auth_middleware | main.py:155 | Checking for microservice to microservice auth
[2023-10-19 10:44:50.294] | DEBUG | main | logging_middleware | main.py:113 | Request GET /api/v1/cart started at 1697692490.294147 with request id ikarus-11051456389136300874
[2023-10-19 10:44:50.296] | INFO | controllers.cart_controllers | get_cart_details | cart_controllers.py:38 | /api/v1/cart Api called for getting cart details for userId:652f84b08cb4bfc08d45225a
[2023-10-19 10:44:50.332] | DEBUG | services.m2m_calls | m2m_request | m2m_calls.py:23 | Making a POST call to url: http://localhost:8002/api/v1/campaigns/tiers
[2023-10-19 10:44:50.449] | DEBUG | services.m2m_calls | m2m_request | m2m_calls.py:29 | Calling
[2023-10-19 10:44:51.608] | DEBUG | services.m2m_calls | m2m_request | m2m_calls.py:23 | Making a POST call to url: http://localhost:8002/api/v1/models
[2023-10-19 10:44:51.708] | DEBUG | services.m2m_calls | m2m_request | m2m_calls.py:29 | Calling
[2023-10-19 10:44:53.072] | DEBUG | controllers.cart_controllers | get_cart_details | cart_controllers.py:129 | Cart details received successfully for userId:652f84b08cb4bfc08d45225a
[2023-10-19 10:44:53.074] | INFO | controllers.cart_controllers | get_cart_details | cart_controllers.py:130 | /api/v1/cart Api called Executed for userId:652f84b08cb4bfc08d45225a
[2023-10-19 10:44:53.079] | DEBUG | main | logging_middleware | main.py:119 | Request GET /api/v1/cart finished at 1697692493.0791714, elapsed time: 2.79 seconds with request id ikarus-11051456389136300874
[2023-10-19 10:44:53.082] | INFO | main | add_process_time_header | main.py:130 | Time to execute the api GET http://localhost:8004/api/v1/cart?page_size=10&page_number=1 is 2788.9223098754883 ms
[2023-10-19 10:45:18.828] | INFO | main | set_request_id | main.py:266 | Request ID: ikarus-12355198118473546598
[2023-10-19 10:45:18.830] | DEBUG | main | session_middleware | main.py:184 | Checking for session Auth
[2023-10-19 10:45:18.833] | DEBUG | main | session_middleware | main.py:215 | Auth type: User to microservice
[2023-10-19 10:45:18.835] | DEBUG | main | auth_middleware | main.py:155 | Checking for microservice to microservice auth
[2023-10-19 10:45:18.836] | DEBUG | main | logging_middleware | main.py:113 | Request GET /api/v1/cart started at 1697692518.8367665 with request id ikarus-12355198118473546598
[2023-10-19 10:45:18.840] | INFO | controllers.cart_controllers | get_cart_details | cart_controllers.py:38 | /api/v1/cart Api called for getting cart details for userId:652f84b08cb4bfc08d45225a
[2023-10-19 10:45:18.884] | DEBUG | services.m2m_calls | m2m_request | m2m_calls.py:23 | Making a POST call to url: http://localhost:8002/api/v1/campaigns/tiers
[2023-10-19 10:45:19.006] | DEBUG | services.m2m_calls | m2m_request | m2m_calls.py:29 | Calling
[2023-10-19 10:45:20.196] | DEBUG | services.m2m_calls | m2m_request | m2m_calls.py:23 | Making a POST call to url: http://localhost:8002/api/v1/models
[2023-10-19 10:45:20.343] | DEBUG | services.m2m_calls | m2m_request | m2m_calls.py:29 | Calling
[2023-10-19 10:45:21.717] | DEBUG | controllers.cart_controllers | get_cart_details | cart_controllers.py:129 | Cart details received successfully for userId:652f84b08cb4bfc08d45225a
[2023-10-19 10:45:21.719] | INFO | controllers.cart_controllers | get_cart_details | cart_controllers.py:130 | /api/v1/cart Api called Executed for userId:652f84b08cb4bfc08d45225a
[2023-10-19 10:45:21.725] | DEBUG | main | logging_middleware | main.py:119 | Request GET /api/v1/cart finished at 1697692521.7253327, elapsed time: 2.89 seconds with request id ikarus-12355198118473546598
[2023-10-19 10:45:21.729] | INFO | main | add_process_time_header | main.py:130 | Time to execute the api GET http://localhost:8004/api/v1/cart?page_size=10&page_number=1 is 2893.08762550354 ms
[2023-10-19 10:45:51.224] | INFO | main | set_request_id | main.py:266 | Request ID: ikarus-9713593841871797127
[2023-10-19 10:45:51.227] | DEBUG | main | session_middleware | main.py:184 | Checking for session Auth
[2023-10-19 10:45:51.320] | DEBUG | main | session_middleware | main.py:215 | Auth type: User to microservice
[2023-10-19 10:45:51.324] | DEBUG | main | auth_middleware | main.py:155 | Checking for microservice to microservice auth
[2023-10-19 10:45:51.328] | DEBUG | main | logging_middleware | main.py:113 | Request POST /api/v1/orders started at 1697692551.3273647 with request id ikarus-9713593841871797127
[2023-10-19 10:45:51.335] | INFO | controllers.cart_controllers | buy_cart | cart_controllers.py:1043 | /api/v1/6530a9b6ca2d5a6cb37e91a8/order Api called for:652f84b08cb4bfc08d45225a , cart:6530a9b6ca2d5a6cb37e91a8
